window: EFTA01795630 .. EFTA01795730 (101 bates)
  EFTA01795630  no wayback capture
  EFTA01795631  ok  
  EFTA01795632  ok  
  EFTA01795633  no wayback capture
  EFTA01795634  no wayback capture
  EFTA01795635  ok  
  EFTA01795636  no wayback capture
  EFTA01795637  ok  
  EFTA01795638  ok  
  EFTA01795639  ok  
  EFTA01795640  no wayback capture
  EFTA01795641  ok  
  EFTA01795642  no wayback capture
  EFTA01795643  ok  
  EFTA01795644  no wayback capture
  EFTA01795645  ok  
  EFTA01795646  ok  
  EFTA01795647  no wayback capture
  EFTA01795648  ok  
  EFTA01795649  no wayback capture
  EFTA01795650  no wayback capture
  EFTA01795651  ok  
  EFTA01795652  no wayback capture
  EFTA01795653  no wayback capture
  EFTA01795654  no wayback capture
  EFTA01795655  ok  
  EFTA01795656  ok  
  EFTA01795657  ok  
  EFTA01795658  ok  
  EFTA01795659  ok  
  EFTA01795660  ok  
  EFTA01795661  ok  
  EFTA01795662  no wayback capture
  EFTA01795663  ok  
  EFTA01795664  no wayback capture
  EFTA01795665  ok  
  EFTA01795666  ok  
  EFTA01795667  ok  
  EFTA01795668  ok  
  EFTA01795669  no wayback capture
  EFTA01795670  no wayback capture
  EFTA01795671  ok  
  EFTA01795672  ok  
  EFTA01795673  ok  
  EFTA01795674  ok  
  EFTA01795675  no wayback capture
  EFTA01795676  ok  
  EFTA01795677  ok  
  EFTA01795678  ok  
  EFTA01795679  ok  
  EFTA01795680  ok  
  EFTA01795681  fetch failed (0 bytes)
  EFTA01795682  ok  
  EFTA01795683  no wayback capture
  EFTA01795684  no wayback capture
  EFTA01795685  no wayback capture
  EFTA01795686  no wayback capture
  EFTA01795687  no wayback capture
  EFTA01795688  no wayback capture
  EFTA01795689  no wayback capture
  EFTA01795690  ok  
  EFTA01795691  ok  
  EFTA01795692  ok  
  EFTA01795693  ok  
  EFTA01795694  no wayback capture
  EFTA01795695  no wayback capture
  EFTA01795696  ok  
  EFTA01795697  ok  
  EFTA01795698  no wayback capture
  EFTA01795699  ok  
  EFTA01795700  no wayback capture
  EFTA01795701  ok  
  EFTA01795702  no wayback capture
  EFTA01795703  no wayback capture
  EFTA01795704  no wayback capture
  EFTA01795705  no wayback capture
  EFTA01795706  no wayback capture
  EFTA01795707  no wayback capture
  EFTA01795708  no wayback capture
  EFTA01795709  no wayback capture
  EFTA01795710  no wayback capture
  EFTA01795711  no wayback capture
  EFTA01795712  no wayback capture
  EFTA01795713  no wayback capture
  EFTA01795714  no wayback capture
  EFTA01795715  no wayback capture
  EFTA01795716  ok  
  EFTA01795717  no wayback capture
  EFTA01795718  ok  
  EFTA01795719  ok  
  EFTA01795720  ok  
  EFTA01795721  ok  
  EFTA01795722  no wayback capture
  EFTA01795723  no wayback capture
  EFTA01795724  ok  
  EFTA01795725  no wayback capture
  EFTA01795726  no wayback capture
  EFTA01795727  no wayback capture
  EFTA01795728  ok  
  EFTA01795729  ok  
  EFTA01795730  ok  

=== JANUARY 22, 2015 HITS: 0 ===
